<?xml version="1.0" encoding="UTF-8"?>
<!-- Generated by org.testng.reporters.JUnitReportReporter -->
<testsuite hostname="DESKTOP-2C6CKJQ" failures="0" tests="4" name="testRunner.TestRunner" time="54.218" errors="0" timestamp="2022-11-15T23:22:10 IST" skipped="0">
  <testcase classname="testRunner.TestRunner" name="runScenario" time="6.321"/>
  <system-out/>
  <testcase classname="testRunner.TestRunner" name="runScenario" time="22.031"/>
  <system-out/>
  <testcase classname="testRunner.TestRunner" name="runScenario" time="18.633"/>
  <system-out/>
  <testcase classname="testRunner.TestRunner" name="runScenario" time="7.233"/>
  <system-out/>
</testsuite> <!-- testRunner.TestRunner -->
